MPASM 5.77  /HOME/FELIPE/DOCUMENTOS/UNIVERSI   4-10-2018  4:55:03         PAGE  1


LOC  OBJECT CODE     LINE SOURCE TEXT
  VALUE

                      00001 ;* * * * * * * * * * * * * * * * * * * * * * * * * * * * * * * * * *
                      00002 ;*              MODIFICAÇÕES PARA USO COM 12F675                   *
                      00003 ;*                FEITAS PELO PROF. MARDSON                        *
                      00004 ;*                    FEVEREIRO DE 2016                            *
                      00005 ;* * * * * * * * * * * * * * * * * * * * * * * * * * * * * * * * * *
                      00006 
                      00007 ;* * * * * * * * * * * * * * * * * * * * * * * * * * * * * * * * * *
                      00008 ;*                       NOME DO PROJETO                           *
                      00009 ;*                           CLIENTE                               *
                      00010 ;*         DESENVOLVIDO PELA MOSAICO ENGENHARIA E CONSULTORIA      *
                      00011 ;*   VERSÃO: 1.0                           DATA: 17/06/03          *
                      00012 ;* * * * * * * * * * * * * * * * * * * * * * * * * * * * * * * * * *
                      00013 ;*                     DESCRIÇÃO DO ARQUIVO                        *
                      00014 ;*-----------------------------------------------------------------*
                      00015 ;*   MODELO PARA O PIC 12F675                                      *
                      00016 ;*                                                                 *
                      00017 ;*                                                                 *
                      00018 ;* * * * * * * * * * * * * * * * * * * * * * * * * * * * * * * * * *
                      00019 
                      00020 ;* * * * * * * * * * * * * * * * * * * * * * * * * * * * * * * * * *
                      00021 ;*                     ARQUIVOS DE DEFINIÇÕES                      *
                      00022 ;* * * * * * * * * * * * * * * * * * * * * * * * * * * * * * * * * *
                      00023 #INCLUDE <p12f675.inc>  ;ARQUIVO PADRÃO MICROCHIP PARA 12F675
                      00001         LIST
                      00002 
                      00003 ;==========================================================================
                      00004 ; Build date : Nov 22 2017
                      00005 ;  MPASM PIC12F675 processor include
                      00006 ; 
                      00007 ;  (c) Copyright 1999-2017 Microchip Technology, All rights reserved
                      00008 ;==========================================================================
                      00009 
                      00367         LIST
                      00024 
2007   3FA4           00025         __CONFIG _BODEN_OFF & _CP_OFF & _PWRTE_ON & _WDT_OFF & _MCLRE_ON & _INTRC_OSC_NOCLKOUT
                      00026 
                      00027 ;* * * * * * * * * * * * * * * * * * * * * * * * * * * * * * * * * *
                      00028 ;*                    PAGINAÇÃO DE MEMÓRIA                         *
                      00029 ;* * * * * * * * * * * * * * * * * * * * * * * * * * * * * * * * * *
                      00030 ;DEFINIÇÃO DE COMANDOS DE USUÁRIO PARA ALTERAÇÃO DA PÁGINA DE MEMÓRIA
                      00031 #DEFINE BANK0   BCF STATUS,RP0  ;SETA BANK 0 DE MEMÓRIA
                      00032 #DEFINE BANK1   BSF STATUS,RP0  ;SETA BANK 1 DE MAMÓRIA
                      00033 
                      00034 ;* * * * * * * * * * * * * * * * * * * * * * * * * * * * * * * * * *
                      00035 ;*                         VARIÁVEIS                               *
                      00036 ;* * * * * * * * * * * * * * * * * * * * * * * * * * * * * * * * * *
                      00037 ; DEFINIÇÃO DOS NOMES E ENDEREÇOS DE TODAS AS VARIÁVEIS UTILIZADAS 
                      00038 ; PELO SISTEMA
                      00039 
                      00040         CBLOCK  0x20    ;ENDEREÇO INICIAL DA MEMÓRIA DE
                      00041                                         ;USUÁRIO
  00000020            00042                 W_TEMP          ;REGISTRADORES TEMPORÁRIOS PARA USO
  00000021            00043                 STATUS_TEMP     ;JUNTO ÀS INTERRUPÇÕES
MPASM 5.77  /HOME/FELIPE/DOCUMENTOS/UNIVERSI   4-10-2018  4:55:03         PAGE  2


LOC  OBJECT CODE     LINE SOURCE TEXT
  VALUE

                      00044 
                      00045                 ;NOVAS VARIÁVEIS
  00000022            00046                 TEMP
  00000023            00047                 GPIO_TEMP
                      00048 
                      00049         ENDC                    ;FIM DO BLOCO DE MEMÓRIA
                      00050 ;* * * * * * * * * * * * * * * * * * * * * * * * * * * * * * * * * *
                      00051 ;*                        FLAGS INTERNOS                           *
                      00052 ;* * * * * * * * * * * * * * * * * * * * * * * * * * * * * * * * * *
                      00053 ; DEFINIÇÃO DE TODOS OS FLAGS UTILIZADOS PELO SISTEMA
                      00054 
                      00055 ;* * * * * * * * * * * * * * * * * * * * * * * * * * * * * * * * * *
                      00056 ;*                         CONSTANTES                              *
                      00057 ;* * * * * * * * * * * * * * * * * * * * * * * * * * * * * * * * * *
                      00058 ; DEFINIÇÃO DE TODAS AS CONSTANTES UTILIZADAS PELO SISTEMA
                      00059 
                      00060 ;* * * * * * * * * * * * * * * * * * * * * * * * * * * * * * * * * *
                      00061 ;*                           ENTRADAS                              *
                      00062 ;* * * * * * * * * * * * * * * * * * * * * * * * * * * * * * * * * *
                      00063 ; DEFINIÇÃO DE TODOS OS PINOS QUE SERÃO UTILIZADOS COMO ENTRADA
                      00064 ; RECOMENDAMOS TAMBÉM COMENTAR O SIGNIFICADO DE SEUS ESTADOS (0 E 1)
                      00065 
                      00066 ;* * * * * * * * * * * * * * * * * * * * * * * * * * * * * * * * * *
                      00067 ;*                           SAÍDAS                                *
                      00068 ;* * * * * * * * * * * * * * * * * * * * * * * * * * * * * * * * * *
                      00069 ; DEFINIÇÃO DE TODOS OS PINOS QUE SERÃO UTILIZADOS COMO SAÍDA
                      00070 ; RECOMENDAMOS TAMBÉM COMENTAR O SIGNIFICADO DE SEUS ESTADOS (0 E 1)
                      00071 
                      00072 ;* * * * * * * * * * * * * * * * * * * * * * * * * * * * * * * * * *
                      00073 ;*                       VETOR DE RESET                            *
                      00074 ;* * * * * * * * * * * * * * * * * * * * * * * * * * * * * * * * * *
                      00075 
0000                  00076         ORG     0x00                    ;ENDEREÇO INICIAL DE PROCESSAMENTO
0000   280F           00077         GOTO    INICIO
                      00078         
                      00079 ;* * * * * * * * * * * * * * * * * * * * * * * * * * * * * * * * * *
                      00080 ;*                    INÍCIO DA INTERRUPÇÃO                        *
                      00081 ;* * * * * * * * * * * * * * * * * * * * * * * * * * * * * * * * * *
                      00082 ; ENDEREÇO DE DESVIO DAS INTERRUPÇÕES. A PRIMEIRA TAREFA É SALVAR OS
                      00083 ; VALORES DE "W" E "STATUS" PARA RECUPERAÇÃO FUTURA
                      00084 
0004                  00085         ORG     0x04                    ;ENDEREÇO INICIAL DA INTERRUPÇÃO
0004   00A0           00086         MOVWF   W_TEMP          ;COPIA W PARA W_TEMP
0005   0E03           00087         SWAPF   STATUS,W
0006   00A1           00088         MOVWF   STATUS_TEMP     ;COPIA STATUS PARA STATUS_TEMP
                      00089 
                      00090 ;* * * * * * * * * * * * * * * * * * * * * * * * * * * * * * * * * *
                      00091 ;*                    ROTINA DE INTERRUPÇÃO                        *
                      00092 ;* * * * * * * * * * * * * * * * * * * * * * * * * * * * * * * * * *
                      00093 ; AQUI SERÁ ESCRITA AS ROTINAS DE RECONHECIMENTO E TRATAMENTO DAS
                      00094 ; INTERRUPÇÕES
                      00095 
                      00096 ;* * * * * * * * * * * * * * * * * * * * * * * * * * * * * * * * * *
MPASM 5.77  /HOME/FELIPE/DOCUMENTOS/UNIVERSI   4-10-2018  4:55:03         PAGE  3


LOC  OBJECT CODE     LINE SOURCE TEXT
  VALUE

                      00097 ;*                 ROTINA DE SAÍDA DA INTERRUPÇÃO                  *
                      00098 ;* * * * * * * * * * * * * * * * * * * * * * * * * * * * * * * * * *
                      00099 ; OS VALORES DE "W" E "STATUS" DEVEM SER RECUPERADOS ANTES DE 
                      00100 ; RETORNAR DA INTERRUPÇÃO
                      00101 
0007                  00102 SAI_INT
0007   0E21           00103         SWAPF   STATUS_TEMP,W
0008   0083           00104         MOVWF   STATUS          ;MOVE STATUS_TEMP PARA STATUS
0009   0EA0           00105         SWAPF   W_TEMP,F
000A   0E20           00106         SWAPF   W_TEMP,W        ;MOVE W_TEMP PARA W
000B   0009           00107         RETFIE
                      00108 
                      00109 ;* * * * * * * * * * * * * * * * * * * * * * * * * * * * * * * * * *
                      00110 ;*                       ROTINAS E SUBROTINAS                      *
                      00111 ;* * * * * * * * * * * * * * * * * * * * * * * * * * * * * * * * * *
                      00112 ; CADA ROTINA OU SUBROTINA DEVE POSSUIR A DESCRIÇÃO DE FUNCIONAMENTO
                      00113 ; E UM NOME COERENTE ÀS SUAS FUNÇÕES.
                      00114 
000C                  00115 SUBROTINA1
                      00116 
                      00117         ;CORPO DA ROTINA
                      00118 
000C   0008           00119         RETURN
000D                  00120 ZERO
000D   1023           00121         BCF     GPIO_TEMP,W
000E   0008           00122         RETURN
                      00123 
                      00124 ;* * * * * * * * * * * * * * * * * * * * * * * * * * * * * * * * * *
                      00125 ;*                     INICIO DO PROGRAMA                          *
                      00126 ;* * * * * * * * * * * * * * * * * * * * * * * * * * * * * * * * * *
                      00127         
000F                  00128 INICIO
000F   1683           00129         BANK1                           ;ALTERA PARA O BANCO 1
0010   3002           00130         MOVLW   B'00000010'     ;CONFIGURA TODAS AS PORTAS DO GPIO (PINOS)
Message[302]: Register in operand not in bank 0.  Ensure that bank bits are correct.
0011   0085           00131         MOVWF   TRISIO          ;COMO SAÍDAS
0012   3002           00132         MOVLW   B'00000010'
Message[302]: Register in operand not in bank 0.  Ensure that bank bits are correct.
0013   009F           00133         MOVWF   ANSEL           ;DEFINE PORTAS COMO Digital I/O MENOS A GP1
0014   3004           00134         MOVLW   B'00000100'
Message[302]: Register in operand not in bank 0.  Ensure that bank bits are correct.
0015   0081           00135         MOVWF   OPTION_REG      ;DEFINE OPÇÕES DE OPERAÇÃO
0016   3000           00136         MOVLW   B'00000000'
0017   008B           00137         MOVWF   INTCON          ;DEFINE OPÇÕES DE INTERRUPÇÕES
                      00138         ;MOVLW  B'10100111'
                      00139         ;MOVWF  VRCON
0018   1283           00140         BANK0                           ;RETORNA PARA O BANCO
0019   3004           00141         MOVLW   B'00000100'
001A   0099           00142         MOVWF   CMCON           ;DEFINE O MODO DE OPERAÇÃO DO COMPARADOR ANALÓGICO
                      00143         
                      00144 
                      00145 ;* * * * * * * * * * * * * * * * * * * * * * * * * * * * * * * * * *
                      00146 ;*                     INICIALIZAÇÃO DAS VARIÁVEIS                 *
MPASM 5.77  /HOME/FELIPE/DOCUMENTOS/UNIVERSI   4-10-2018  4:55:03         PAGE  4


LOC  OBJECT CODE     LINE SOURCE TEXT
  VALUE

                      00147 ;* * * * * * * * * * * * * * * * * * * * * * * * * * * * * * * * * *
                      00148 
                      00149 ;* * * * * * * * * * * * * * * * * * * * * * * * * * * * * * * * * *
                      00150 ;*                     ROTINA PRINCIPAL                            *
                      00151 ;* * * * * * * * * * * * * * * * * * * * * * * * * * * * * * * * * *
001B                  00152 MAIN
                      00153 
                      00154         
001B   1683           00155         BANK1
001C   308C           00156         MOVLW   B'10001100'
Message[302]: Register in operand not in bank 0.  Ensure that bank bits are correct.
001D   0099           00157         MOVWF   VRCON                   ; VAI SETAR O VRCON PARA 4.5V = ~3.233V (EM 0-3.59) [3.125Vref]
001E   1283           00158         BANK0   
001F   3009           00159         MOVLW   .9                      ; VALOR QUE VAI COLOCADO NO DISPLAY, CASO A TENSÃO SEJA MAIOR QU
                            E 4.5V
0020   1F19           00160         BTFSS   CMCON,6                 ; SE DER ZERO, ENTÃO VIN > VRCON(Vref)
0021   285C           00161         GOTO    DISPLAY
                      00162         
                      00163         ;CASO O VALOR DE TENSÃO SEJA MENOS QUE 4.5V, VERIFICA SE ELE É MAIOR QUE 4V
0022   1683           00164         BANK1
0023   308A           00165         MOVLW   B'10001010'             
Message[302]: Register in operand not in bank 0.  Ensure that bank bits are correct.
0024   0099           00166         MOVWF   VRCON                   ; VAI SETAR O VRCON PARA 4V = ~2.874V (EM 0-3.59) [2.812Vref]   
                                    
0025   1283           00167         BANK0   
0026   3008           00168         MOVLW   .8                      ; VALOR QUE VAI COLOCADO NO DISPLAY, CASO A TENSÃO SEJA MAIOR QU
                            E 4V E MENOR QUE 4.5V
0027   1F19           00169         BTFSS   CMCON,6                 ; SE DER ZERO, ENTÃO VIN > VRCON(Vref)
0028   285C           00170         GOTO    DISPLAY
                      00171         
                      00172         ;CASO O VALOR DE TENSÃO SEJA MENOS QUE 4V, VERIFICA SE ELE É MAIOR QUE 3.5
0029   1683           00173         BANK1
002A   3088           00174         MOVLW   B'10001000'             
Message[302]: Register in operand not in bank 0.  Ensure that bank bits are correct.
002B   0099           00175         MOVWF   VRCON                   ; VAI SETAR O VRCON PARA 3.5V = ~2.515V (EM 0-3.59) [2.5Vref]   
                                    
002C   1283           00176         BANK0   
002D   3007           00177         MOVLW   .7                      ; VALOR QUE VAI COLOCADO NO DISPLAY, CASO A TENSÃO SEJA MAIOR QU
                            E 3.5V E MENOR QUE 4V
002E   1F19           00178         BTFSS   CMCON,6                 ; SE DER ZERO, ENTÃO VIN > VRCON(Vref)
002F   285C           00179         GOTO    DISPLAY
                      00180         
                      00181         ;CASO O VALOR DE TENSÃO SEJA MENOS QUE 3.5V, VERIFICA SE ELE É MAIOR QUE 3V
0030   1683           00182         BANK1
0031   30AA           00183         MOVLW   B'10101010'             
Message[302]: Register in operand not in bank 0.  Ensure that bank bits are correct.
0032   0099           00184         MOVWF   VRCON                   ; VAI SETAR O VRCON PARA 3V = ~2.155V (EM 0-3.59) [2.083Vref]   
                                    
0033   1283           00185         BANK0   
0034   3006           00186         MOVLW   .6                      ; VALOR QUE VAI COLOCADO NO DISPLAY, CASO A TENSÃO SEJA MAIOR QU
                            E 3V E MENOR QUE 3.5V
0035   1F19           00187         BTFSS   CMCON,6                 ; SE DER ZERO, ENTÃO VIN > VRCON(Vref)
0036   285C           00188         GOTO    DISPLAY
MPASM 5.77  /HOME/FELIPE/DOCUMENTOS/UNIVERSI   4-10-2018  4:55:03         PAGE  5


LOC  OBJECT CODE     LINE SOURCE TEXT
  VALUE

                      00189         
                      00190         ;CASO O VALOR DE TENSÃO SEJA MENOS QUE 3V, VERIFICA SE ELE É MAIOR QUE 2.5V
0037   1683           00191         BANK1
0038   3083           00192         MOVLW   B'10000011'             
Message[302]: Register in operand not in bank 0.  Ensure that bank bits are correct.
0039   0099           00193         MOVWF   VRCON                   ; VAI SETAR O VRCON PARA 2.5V = ~1.796V (EM 0-3.59) [1.718Vref] 
                                    
003A   1283           00194         BANK0   
003B   3005           00195         MOVLW   .5                      ; VALOR QUE VAI COLOCADO NO DISPLAY, CASO A TENSÃO SEJA MAIOR QU
                            E 2.5V E MENOR QUE 3V
003C   1F19           00196         BTFSS   CMCON,6                 ; SE DER ZERO, ENTÃO VIN > VRCON(Vref)
003D   285C           00197         GOTO    DISPLAY
                      00198         
                      00199         ;CASO O VALOR DE TENSÃO SEJA MENOS QUE 2.5V, VERIFICA SE ELE É MAIOR QUE 2V
003E   1683           00200         BANK1
003F   3081           00201         MOVLW   B'10000001'             
Message[302]: Register in operand not in bank 0.  Ensure that bank bits are correct.
0040   0099           00202         MOVWF   VRCON                   ; VAI SETAR O VRCON PARA 2V = ~1.437V (EM 0-3.59) [1.406Vref]   
                                    
0041   1283           00203         BANK0   
0042   3004           00204         MOVLW   .4                      ; VALOR QUE VAI COLOCADO NO DISPLAY, CASO A TENSÃO SEJA MAIOR QU
                            E 2V E MENOR QUE 2.5V
0043   1F19           00205         BTFSS   CMCON,6                 ; SE DER ZERO, ENTÃO VIN > VRCON(Vref)
0044   285C           00206         GOTO    DISPLAY
                      00207         
                      00208         ;CASO O VALOR DE TENSÃO SEJA MENOS QUE 2V, VERIFICA SE ELE É MAIOR QUE 1.5V
0045   1683           00209         BANK1
0046   30A5           00210         MOVLW   B'10100101'             
Message[302]: Register in operand not in bank 0.  Ensure that bank bits are correct.
0047   0099           00211         MOVWF   VRCON                   ; VAI SETAR O VRCON PARA 1.5V = ~1.077V (EM 0-3.59) [1.041Vref] 
                                    
0048   1283           00212         BANK0   
0049   3003           00213         MOVLW   .3                      ; VALOR QUE VAI COLOCADO NO DISPLAY, CASO A TENSÃO SEJA MAIOR QU
                            E 1.5V E MENOR QUE 2V
004A   1F19           00214         BTFSS   CMCON,6                 ; SE DER ZERO, ENTÃO VIN > VRCON(Vref)
004B   285C           00215         GOTO    DISPLAY
                      00216         
                      00217         ;CASO O VALOR DE TENSÃO SEJA MENOS QUE 1.5V, VERIFICA SE ELE É MAIOR QUE 1V
004C   1683           00218         BANK1
004D   30A3           00219         MOVLW   B'10100011'             
Message[302]: Register in operand not in bank 0.  Ensure that bank bits are correct.
004E   0099           00220         MOVWF   VRCON                   ; VAI SETAR O VRCON PARA 1V = ~0.718V (EM 0-3.59) [0.625Vref]   
                                    
004F   1283           00221         BANK0   
0050   3002           00222         MOVLW   .2                      ; VALOR QUE VAI COLOCADO NO DISPLAY, CASO A TENSÃO SEJA MAIOR QU
                            E 1V E MENOR QUE 1.5V
0051   1F19           00223         BTFSS   CMCON,6                 ; SE DER ZERO, ENTÃO VIN > VRCON(Vref)
0052   285C           00224         GOTO    DISPLAY
                      00225         
                      00226         ;CASO O VALOR DE TENSÃO SEJA MENOS QUE 1V, VERIFICA SE ELE É MAIOR QUE 0.5V
0053   1683           00227         BANK1
0054   30A1           00228         MOVLW   B'10100001'             
Message[302]: Register in operand not in bank 0.  Ensure that bank bits are correct.
MPASM 5.77  /HOME/FELIPE/DOCUMENTOS/UNIVERSI   4-10-2018  4:55:03         PAGE  6


LOC  OBJECT CODE     LINE SOURCE TEXT
  VALUE

0055   0099           00229         MOVWF   VRCON                   ; VAI SETAR O VRCON PARA 0.5V = ~0.359 (EM 0-3.59) [0.208Vref]  
                                    
0056   1283           00230         BANK0   
0057   3001           00231         MOVLW   .1                      ; VALOR QUE VAI COLOCADO NO DISPLAY, CASO A TENSÃO SEJA MAIOR QU
                            E 0.5V E MENOR QUE 1V
0058   1F19           00232         BTFSS   CMCON,6                 ; SE DER ZERO, ENTÃO VIN > VRCON(Vref)
0059   285C           00233         GOTO    DISPLAY
                      00234         
                      00235         ;CASO O VALOR DE TENSÃO SEJA MENOS QUE 0.5
                      00236         
005A   3000           00237         MOVLW   .0                      ; VALOR QUE VAI COLOCADO NO DISPLAY, CASO A TENSÃO SEJA MAIOR QU
                            E 1V E MENOR QUE 1.5V   
005B   285C           00238         GOTO    DISPLAY
                      00239         
                      00240         
                      00241         
005C                  00242 DISPLAY
005C   00A2           00243         MOVWF   TEMP                    ; VAI SALVAR O VALOR QUE DEVE SER JOGADO NO DISPLAY EM TEMP
                      00244         
005D   0805           00245         MOVFW   GPIO                    
005E   00A3           00246         MOVWF   GPIO_TEMP               ; ARMAZENA O ESTADO DO GPIO, PARA MANIPULA-LO SEM ALTERAR O GPIO
                             DURANTE O PROCEDIMENTO
                      00247                                 
005F   1C22           00248         BTFSS   TEMP,0                  ; TESTA O BIT 0 DO TEMP
0060   1023           00249         BCF     GPIO_TEMP,0             ; SE O TESTE FOR 0, ENTÃO LIMPA O BIT, SE O TESTE FOR 1, PULA PR
                            A PRÓXIMA INSTRUÇÃO PARA SETAR O BIT
0061   1822           00250         BTFSC   TEMP,0                  ; CASO O TESTE ANTERIOR FOR ZERO, ESSE TESTE IRA PULAR A INSTRUÇ
                            ÃO SEGUINTE. AGORA SE O TESTE FOR UM, ENTÃO SETA O BIT 0
0062   1423           00251         BSF     GPIO_TEMP,0
                      00252         
0063   1CA2           00253         BTFSS   TEMP,1                  ; ESTA O BIT 1 DO TEMP
0064   1123           00254         BCF     GPIO_TEMP,2             ; SE O TESTE FOR 0, ENTÃO LIMPA O BIT, SE O TESTE FOR 1, PULA PR
                            A PRÓXIMA INSTRUÇÃO PARA SETAR O BIT
0065   18A2           00255         BTFSC   TEMP,1                  ; CASO O TESTE ANTERIOR FOR ZERO, ESSE TESTE IRA PULAR A INSTRUÇ
                            ÃO SEGUINTE. AGORA SE O TESTE FOR UM, ENTÃO SETA O BIT 2
0066   1523           00256         BSF     GPIO_TEMP,2
                      00257         
0067   1D22           00258         BTFSS   TEMP,2                  ; ESTA O BIT 2 DO TEMP
0068   1223           00259         BCF     GPIO_TEMP,4             ; SE O TESTE FOR 0, ENTÃO LIMPA O BIT, SE O TESTE FOR 1, PULA PR
                            A PRÓXIMA INSTRUÇÃO PARA SETAR O BIT
0069   1922           00260         BTFSC   TEMP,2                  ; CASO O TESTE ANTERIOR FOR ZERO, ESSE TESTE IRA PULAR A INSTRUÇ
                            ÃO SEGUINTE. AGORA SE O TESTE FOR UM, ENTÃO SETA O BIT 4
006A   1623           00261         BSF     GPIO_TEMP,4
                      00262         
006B   1DA2           00263         BTFSS   TEMP,3                  ; ESTA O BIT 3 DO TEMP
006C   12A3           00264         BCF     GPIO_TEMP,5             ; SE O TESTE FOR 0, ENTÃO LIMPA O BIT, SE O TESTE FOR 1, PULA PR
                            A PRÓXIMA INSTRUÇÃO PARA SETAR O BIT
006D   19A2           00265         BTFSC   TEMP,3                  ; CASO O TESTE ANTERIOR FOR ZERO, ESSE TESTE IRA PULAR A INSTRUÇ
                            ÃO SEGUINTE. AGORA SE O TESTE FOR UM, ENTÃO SETA O BIT 5
006E   16A3           00266         BSF     GPIO_TEMP,5
                      00267         
006F   0823           00268         MOVFW   GPIO_TEMP               ; JOGA O VALOR DE VOLTA AO GPIO.
0070   0085           00269         MOVWF   GPIO
MPASM 5.77  /HOME/FELIPE/DOCUMENTOS/UNIVERSI   4-10-2018  4:55:03         PAGE  7


LOC  OBJECT CODE     LINE SOURCE TEXT
  VALUE

                      00270         
0071   281B           00271         GOTO    MAIN
                      00272         
                      00273         
                      00274 
0072   281B           00275         GOTO MAIN
                      00276         
                      00277         
                      00278 
                      00279 ;* * * * * * * * * * * * * * * * * * * * * * * * * * * * * * * * * *
                      00280 ;*                       FIM DO PROGRAMA                           *
                      00281 ;* * * * * * * * * * * * * * * * * * * * * * * * * * * * * * * * * *
                      00282 
                      00283         END
MPASM 5.77  /HOME/FELIPE/DOCUMENTOS/UNIVERSI   4-10-2018  4:55:03         PAGE  8


SYMBOL TABLE
  LABEL                             VALUE 

ADCON0                            0000001F
ADCS0                             00000004
ADCS1                             00000005
ADCS2                             00000006
ADFM                              00000007
ADIE                              00000006
ADIF                              00000006
ADON                              00000000
ADRESH                            0000001E
ADRESL                            0000009E
ANS0                              00000000
ANS1                              00000001
ANS2                              00000002
ANS3                              00000003
ANSEL                             0000009F
BANK0                             BCF STATUS,RP0
BANK1                             BSF STATUS,RP0
C                                 00000000
CAL0                              00000002
CAL1                              00000003
CAL2                              00000004
CAL3                              00000005
CAL4                              00000006
CAL5                              00000007
CHS0                              00000002
CHS1                              00000003
CINV                              00000004
CIS                               00000003
CM0                               00000000
CM1                               00000001
CM2                               00000002
CMCON                             00000019
CMIE                              00000003
CMIF                              00000003
COUT                              00000006
DC                                00000001
DISPLAY                           0000005C
EEADR                             0000009B
EECON1                            0000009C
EECON2                            0000009D
EEDAT                             0000009A
EEDATA                            0000009A
EEIE                              00000007
EEIF                              00000007
F                                 00000001
FSR                               00000004
GIE                               00000007
GO                                00000001
GO_DONE                           00000001
GO_NOT_DONE                       00000001
GP0                               00000000
GP1                               00000001
GP2                               00000002
MPASM 5.77  /HOME/FELIPE/DOCUMENTOS/UNIVERSI   4-10-2018  4:55:03         PAGE  9


SYMBOL TABLE
  LABEL                             VALUE 

GP3                               00000003
GP4                               00000004
GP5                               00000005
GPIE                              00000003
GPIF                              00000000
GPIO                              00000005
GPIO0                             00000000
GPIO1                             00000001
GPIO2                             00000002
GPIO3                             00000003
GPIO4                             00000004
GPIO5                             00000005
GPIO_TEMP                         00000023
INDF                              00000000
INICIO                            0000000F
INTCON                            0000000B
INTE                              00000004
INTEDG                            00000006
INTF                              00000001
IOC                               00000096
IOC0                              00000000
IOC1                              00000001
IOC2                              00000002
IOC3                              00000003
IOC4                              00000004
IOC5                              00000005
IOCB                              00000096
IOCB0                             00000000
IOCB1                             00000001
IOCB2                             00000002
IOCB3                             00000003
IOCB4                             00000004
IOCB5                             00000005
IRP                               00000007
MAIN                              0000001B
NOT_BOD                           00000000
NOT_BOR                           00000000
NOT_DONE                          00000001
NOT_GPPU                          00000007
NOT_PD                            00000003
NOT_POR                           00000001
NOT_T1SYNC                        00000002
NOT_TO                            00000004
OPTION_REG                        00000081
OSCCAL                            00000090
PCL                               00000002
PCLATH                            0000000A
PCON                              0000008E
PEIE                              00000006
PIE1                              0000008C
PIR1                              0000000C
PS0                               00000000
PS1                               00000001
MPASM 5.77  /HOME/FELIPE/DOCUMENTOS/UNIVERSI   4-10-2018  4:55:03         PAGE 10


SYMBOL TABLE
  LABEL                             VALUE 

PS2                               00000002
PSA                               00000003
RD                                00000000
RP0                               00000005
RP1                               00000006
SAI_INT                           00000007
STATUS                            00000003
STATUS_TEMP                       00000021
SUBROTINA1                        0000000C
T0CS                              00000005
T0IE                              00000005
T0IF                              00000002
T0SE                              00000004
T1CKPS0                           00000004
T1CKPS1                           00000005
T1CON                             00000010
T1IE                              00000000
T1IF                              00000000
T1OSCEN                           00000003
TEMP                              00000022
TMR0                              00000001
TMR0IE                            00000005
TMR0IF                            00000002
TMR1                              0000000E
TMR1CS                            00000001
TMR1GE                            00000006
TMR1H                             0000000F
TMR1IE                            00000000
TMR1IF                            00000000
TMR1L                             0000000E
TMR1ON                            00000000
TRISIO                            00000085
TRISIO0                           00000000
TRISIO1                           00000001
TRISIO2                           00000002
TRISIO3                           00000003
TRISIO4                           00000004
TRISIO5                           00000005
VCFG                              00000006
VR0                               00000000
VR1                               00000001
VR2                               00000002
VR3                               00000003
VRCON                             00000099
VREN                              00000007
VRR                               00000005
W                                 00000000
WPU                               00000095
WPU0                              00000000
WPU1                              00000001
WPU2                              00000002
WPU4                              00000004
WPU5                              00000005
MPASM 5.77  /HOME/FELIPE/DOCUMENTOS/UNIVERSI   4-10-2018  4:55:03         PAGE 11


SYMBOL TABLE
  LABEL                             VALUE 

WR                                00000001
WREN                              00000002
WRERR                             00000003
W_TEMP                            00000020
Z                                 00000002
ZERO                              0000000D
_BODEN_OFF                        00003FBF
_BODEN_ON                         00003FFF
_BOREN_OFF                        00003FBF
_BOREN_ON                         00003FFF
_CONFIG                           00002007
_CPD_OFF                          00003FFF
_CPD_ON                           00003EFF
_CP_OFF                           00003FFF
_CP_ON                            00003F7F
_DEVID1                           00002006
_EC_OSC                           00003FFB
_EXTRC_OSC_CLKOUT                 00003FFF
_EXTRC_OSC_NOCLKOUT               00003FFE
_FOSC_EC                          00003FFB
_FOSC_EXTRCCLK                    00003FFF
_FOSC_EXTRCIO                     00003FFE
_FOSC_HS                          00003FFA
_FOSC_INTRCCLK                    00003FFD
_FOSC_INTRCIO                     00003FFC
_FOSC_LP                          00003FF8
_FOSC_XT                          00003FF9
_HS_OSC                           00003FFA
_IDLOC0                           00002000
_IDLOC1                           00002001
_IDLOC2                           00002002
_IDLOC3                           00002003
_INTRC_OSC_CLKOUT                 00003FFD
_INTRC_OSC_NOCLKOUT               00003FFC
_LP_OSC                           00003FF8
_MCLRE_OFF                        00003FDF
_MCLRE_ON                         00003FFF
_PWRTE_OFF                        00003FFF
_PWRTE_ON                         00003FEF
_WDTE_OFF                         00003FF7
_WDTE_ON                          00003FFF
_WDT_OFF                          00003FF7
_WDT_ON                           00003FFF
_XT_OSC                           00003FF9
__12F675                          00000001
__DEBUG                           
__MPLAB_DEBUGGER_SIMULATOR        1
MPASM 5.77  /HOME/FELIPE/DOCUMENTOS/UNIVERSI   4-10-2018  4:55:03         PAGE 12


MEMORY USAGE MAP ('X' = Used,  '-' = Unused)


0000 : X---XXXXXXXXXXXX XXXXXXXXXXXXXXXX XXXXXXXXXXXXXXXX XXXXXXXXXXXXXXXX
0040 : XXXXXXXXXXXXXXXX XXXXXXXXXXXXXXXX XXXXXXXXXXXXXXXX XXX-------------
2000 : -------X-------- ---------------- ---------------- ----------------

All other memory blocks unused.

Program Memory Words Used:   112
Program Memory Words Free:   912


Errors   :     0
Warnings :     0 reported,     0 suppressed
Messages :    12 reported,     0 suppressed

